<?xml version="1.0" encoding="UTF-8"?>
<!-- Generated by org.testng.reporters.JUnitReportReporter -->
<testsuite hostname="DESKTOP-2FTO7DC" failures="0" tests="1" name="TestRunner.CucumberTestRunner" time="5.354" errors="0" timestamp="2025-02-18T19:35:58 IST" skipped="0">
  <testcase classname="TestRunner.CucumberTestRunner" name="runScenario" time="5.354"/>
</testsuite> <!-- TestRunner.CucumberTestRunner -->
